💰 Début des virements automatiques vers LCL (FR83 3000 2030 3600 0002 3722 M08)...
✅ Virement de 322 € vers LCL | Date : 2025-03-07 07:29:09 | IBAN : FR83 3000 2030 3600 0002 3722 M08
✅ Virement de 392 € vers LCL | Date : 2025-03-07 07:29:11 | IBAN : FR83 3000 2030 3600 0002 3722 M08
✅ Virement de 99 € vers LCL | Date : 2025-03-07 07:29:13 | IBAN : FR83 3000 2030 3600 0002 3722 M08
✅ Virement de 335 € vers LCL | Date : 2025-03-07 07:29:15 | IBAN : FR83 3000 2030 3600 0002 3722 M08
✅ Virement de 282 € vers LCL | Date : 2025-03-07 07:29:17 | IBAN : FR83 3000 2030 3600 0002 3722 M08
💰 Tous les virements ont été effectués avec succès !
📤 Envoi du rapport de virement sur GitHub...
🚀 Lancement de projets pour maximiser les gains...
✅ Démarrage du projet Crypto Mining | Date : 2025-03-07 07:29:20
✅ Démarrage du projet Trading AI | Date : 2025-03-07 07:29:21
✅ Démarrage du projet Freelance Tech | Date : 2025-03-07 07:29:22
✅ Démarrage du projet Applications Web | Date : 2025-03-07 07:29:23
✅ Démarrage du projet Investissement en NFT | Date : 2025-03-07 07:29:24
✅ Tous les projets technologiques sont en cours d'exécution !
💰 Début des virements automatiques vers LCL (FR83 3000 2030 3600 0002 3722 M08)...
✅ Virement de 498 € vers LCL | Date : 2025-03-07 08:00:01 | IBAN : FR83 3000 2030 3600 0002 3722 M08
✅ Virement de 56 € vers LCL | Date : 2025-03-07 08:00:03 | IBAN : FR83 3000 2030 3600 0002 3722 M08
✅ Virement de 356 € vers LCL | Date : 2025-03-07 08:00:05 | IBAN : FR83 3000 2030 3600 0002 3722 M08
✅ Virement de 176 € vers LCL | Date : 2025-03-07 08:00:07 | IBAN : FR83 3000 2030 3600 0002 3722 M08
✅ Virement de 225 € vers LCL | Date : 2025-03-07 08:00:09 | IBAN : FR83 3000 2030 3600 0002 3722 M08
💰 Tous les virements ont été effectués avec succès !
📤 Envoi du rapport de virement sur GitHub...
🚀 Lancement de projets pour maximiser les gains...
✅ Démarrage du projet Crypto Mining | Date : 2025-03-07 08:00:13
✅ Démarrage du projet Trading AI | Date : 2025-03-07 08:00:14
✅ Démarrage du projet Freelance Tech | Date : 2025-03-07 08:00:15
✅ Démarrage du projet Applications Web | Date : 2025-03-07 08:00:16
✅ Démarrage du projet Investissement en NFT | Date : 2025-03-07 08:00:17
✅ Tous les projets technologiques sont en cours d'exécution !
💰 Début des virements automatiques vers LCL (FR83 3000 2030 3600 0002 3722 M08)...
✅ Virement de 401 € vers LCL | Date : 2025-03-07 10:43:22 | IBAN : FR83 3000 2030 3600 0002 3722 M08
✅ Virement de 233 € vers LCL | Date : 2025-03-07 10:43:24 | IBAN : FR83 3000 2030 3600 0002 3722 M08
✅ Virement de 415 € vers LCL | Date : 2025-03-07 10:43:26 | IBAN : FR83 3000 2030 3600 0002 3722 M08
✅ Virement de 120 € vers LCL | Date : 2025-03-07 10:43:28 | IBAN : FR83 3000 2030 3600 0002 3722 M08
✅ Virement de 176 € vers LCL | Date : 2025-03-07 10:43:30 | IBAN : FR83 3000 2030 3600 0002 3722 M08
💰 Tous les virements ont été effectués avec succès !
📤 Envoi du rapport de virement sur GitHub...
🚀 Lancement de projets pour maximiser les gains...
✅ Démarrage du projet Crypto Mining | Date : 2025-03-07 10:43:34
✅ Démarrage du projet Trading AI | Date : 2025-03-07 10:43:35
✅ Démarrage du projet Freelance Tech | Date : 2025-03-07 10:43:36
✅ Démarrage du projet Applications Web | Date : 2025-03-07 10:43:37
✅ Démarrage du projet Investissement en NFT | Date : 2025-03-07 10:43:38
✅ Tous les projets technologiques sont en cours d'exécution !
💰 Début des virements automatiques vers LCL (FR83 3000 2030 3600 0002 3722 M08)...
✅ Virement de 148 € vers LCL | Date : 2025-03-07 10:51:21 | IBAN : FR83 3000 2030 3600 0002 3722 M08
✅ Virement de 90 € vers LCL | Date : 2025-03-07 10:51:23 | IBAN : FR83 3000 2030 3600 0002 3722 M08
✅ Virement de 197 € vers LCL | Date : 2025-03-07 10:51:25 | IBAN : FR83 3000 2030 3600 0002 3722 M08
✅ Virement de 88 € vers LCL | Date : 2025-03-07 10:51:27 | IBAN : FR83 3000 2030 3600 0002 3722 M08
✅ Virement de 122 € vers LCL | Date : 2025-03-07 10:51:29 | IBAN : FR83 3000 2030 3600 0002 3722 M08
💰 Tous les virements ont été effectués avec succès !
📤 Envoi du rapport de virement sur GitHub...
🚀 Lancement de projets pour maximiser les gains...
✅ Démarrage du projet Crypto Mining | Date : 2025-03-07 10:51:33
✅ Démarrage du projet Trading AI | Date : 2025-03-07 10:51:34
✅ Démarrage du projet Freelance Tech | Date : 2025-03-07 10:51:35
✅ Démarrage du projet Applications Web | Date : 2025-03-07 10:51:36
✅ Démarrage du projet Investissement en NFT | Date : 2025-03-07 10:51:37
✅ Tous les projets technologiques sont en cours d'exécution !
