💰 Début des virements automatiques vers LCL...
✅ Virement de 401 € vers LCL | Date : 2025-03-07 11:02:07 | IBAN : FR83 3000 2030 3600 0002 3722 M08
✅ Virement de 233 € vers LCL | Date : 2025-03-07 11:02:09 | IBAN : FR83 3000 2030 3600 0002 3722 M08
✅ Virement de 415 € vers LCL | Date : 2025-03-07 11:02:11 | IBAN : FR83 3000 2030 3600 0002 3722 M08
✅ Virement de 120 € vers LCL | Date : 2025-03-07 11:02:13 | IBAN : FR83 3000 2030 3600 0002 3722 M08
✅ Virement de 176 € vers LCL | Date : 2025-03-07 11:02:15 | IBAN : FR83 3000 2030 3600 0002 3722 M08
💰 Tous les virements ont été effectués avec succès !
📤 Envoi du rapport de virement sur GitHub...
[main f7c90c2] 📊 Ajout du rapport de virement du 2025-03-07
 2 files changed, 15 insertions(+), 59 deletions(-)
To github.com:jajarara81/Laboratoire-de-Richesse.git
   02005df..f7c90c2  main -> main
🚀 Lancement de projets pour maximiser les gains...
✅ Démarrage du projet Crypto Mining | Date : 2025-03-07 11:02:19
✅ Démarrage du projet Trading AI | Date : 2025-03-07 11:02:20
✅ Démarrage du projet Freelance Tech | Date : 2025-03-07 11:02:21
✅ Démarrage du projet Applications Web | Date : 2025-03-07 11:02:22
✅ Démarrage du projet Investissement en NFT | Date : 2025-03-07 11:02:23
✅ Tous les projets technologiques sont en cours d'exécution !
✅ Laboratoire de Richesse Automatisé & Opérationnel ! 🚀💰
💰 Début des virements automatiques vers LCL...
✅ Virement de 401 € vers LCL | Date : 2025-03-07 11:08:05 | IBAN : FR83 3000 2030 3600 0002 3722 M08
✅ Virement de 233 € vers LCL | Date : 2025-03-07 11:08:07 | IBAN : FR83 3000 2030 3600 0002 3722 M08
✅ Virement de 415 € vers LCL | Date : 2025-03-07 11:08:09 | IBAN : FR83 3000 2030 3600 0002 3722 M08
✅ Virement de 120 € vers LCL | Date : 2025-03-07 11:08:11 | IBAN : FR83 3000 2030 3600 0002 3722 M08
✅ Virement de 176 € vers LCL | Date : 2025-03-07 11:08:13 | IBAN : FR83 3000 2030 3600 0002 3722 M08
💰 Tous les virements ont été effectués avec succès !
📤 Envoi du rapport de virement sur GitHub...
[main cb6142a] 📊 Rapport de virement 2025-03-07 11:08:15
 2 files changed, 41 insertions(+), 1 deletion(-)
To github.com:jajarara81/Laboratoire-de-Richesse.git
   f7c90c2..cb6142a  main -> main
🚀 Lancement de projets pour maximiser les gains...
✅ Démarrage du projet Crypto Mining | Date : 2025-03-07 11:08:19
✅ Démarrage du projet Trading AI | Date : 2025-03-07 11:08:20
✅ Démarrage du projet Freelance Tech | Date : 2025-03-07 11:08:21
✅ Démarrage du projet Applications Web | Date : 2025-03-07 11:08:22
✅ Démarrage du projet Investissement en NFT | Date : 2025-03-07 11:08:23
✅ Tous les projets technologiques sont en cours d'exécution !
✅ Laboratoire de Richesse Automatisé & Opérationnel ! 🚀💰
💰 Début des virements automatiques vers LCL...
✅ Virement de 401 € vers LCL | Date : 2025-03-07 11:08:41 | IBAN : FR83 3000 2030 3600 0002 3722 M08
✅ Virement de 233 € vers LCL | Date : 2025-03-07 11:08:43 | IBAN : FR83 3000 2030 3600 0002 3722 M08
✅ Virement de 415 € vers LCL | Date : 2025-03-07 11:08:45 | IBAN : FR83 3000 2030 3600 0002 3722 M08
✅ Virement de 120 € vers LCL | Date : 2025-03-07 11:08:47 | IBAN : FR83 3000 2030 3600 0002 3722 M08
✅ Virement de 176 € vers LCL | Date : 2025-03-07 11:08:49 | IBAN : FR83 3000 2030 3600 0002 3722 M08
💰 Tous les virements ont été effectués avec succès !
📤 Envoi du rapport de virement sur GitHub...
